e:\softwares\visualstudio projects\xenoengine\bin\debug\intermediates\vc140.pdb
e:\softwares\visualstudio projects\xenoengine\bin\debug\intermediates\vc140.idb
e:\softwares\visualstudio projects\xenoengine\bin\debug\intermediates\background.obj
e:\softwares\visualstudio projects\xenoengine\bin\debug\intermediates\bird.obj
e:\softwares\visualstudio projects\xenoengine\bin\debug\intermediates\pipe.obj
e:\softwares\visualstudio projects\xenoengine\bin\debug\intermediates\flappy.obj
e:\softwares\visualstudio projects\xenoengine\bin\debug\flappy.lib
e:\softwares\visualstudio projects\xenoengine\bin\debug\flappy.exp
e:\softwares\visualstudio projects\xenoengine\bin\debug\intermediates\audio.obj
e:\softwares\visualstudio projects\xenoengine\bin\debug\intermediates\audio_manager.obj
e:\softwares\visualstudio projects\xenoengine\bin\debug\intermediates\autofit.obj
e:\softwares\visualstudio projects\xenoengine\bin\debug\intermediates\bdf.obj
e:\softwares\visualstudio projects\xenoengine\bin\debug\intermediates\cff.obj
e:\softwares\visualstudio projects\xenoengine\bin\debug\intermediates\distance-field.obj
e:\softwares\visualstudio projects\xenoengine\bin\debug\intermediates\edtaa3func.obj
e:\softwares\visualstudio projects\xenoengine\bin\debug\intermediates\font.obj
e:\softwares\visualstudio projects\xenoengine\bin\debug\intermediates\font_manager.obj
e:\softwares\visualstudio projects\xenoengine\bin\debug\intermediates\ftbase.obj
e:\softwares\visualstudio projects\xenoengine\bin\debug\intermediates\ftbbox.obj
e:\softwares\visualstudio projects\xenoengine\bin\debug\intermediates\ftbitmap.obj
e:\softwares\visualstudio projects\xenoengine\bin\debug\intermediates\ftcache.obj
e:\softwares\visualstudio projects\xenoengine\bin\debug\intermediates\ftdebug.obj
e:\softwares\visualstudio projects\xenoengine\bin\debug\intermediates\ftfntfmt.obj
e:\softwares\visualstudio projects\xenoengine\bin\debug\intermediates\ftfstype.obj
e:\softwares\visualstudio projects\xenoengine\bin\debug\intermediates\ftgasp.obj
e:\softwares\visualstudio projects\xenoengine\bin\debug\intermediates\ftglyph.obj
e:\softwares\visualstudio projects\xenoengine\bin\debug\intermediates\ftgxval.obj
e:\softwares\visualstudio projects\xenoengine\bin\debug\intermediates\ftgzip.obj
e:\softwares\visualstudio projects\xenoengine\bin\debug\intermediates\ftinit.obj
e:\softwares\visualstudio projects\xenoengine\bin\debug\intermediates\ftlcdfil.obj
e:\softwares\visualstudio projects\xenoengine\bin\debug\intermediates\ftlzw.obj
e:\softwares\visualstudio projects\xenoengine\bin\debug\intermediates\ftmm.obj
e:\softwares\visualstudio projects\xenoengine\bin\debug\intermediates\ftotval.obj
e:\softwares\visualstudio projects\xenoengine\bin\debug\intermediates\ftpatent.obj
e:\softwares\visualstudio projects\xenoengine\bin\debug\intermediates\ftpfr.obj
e:\softwares\visualstudio projects\xenoengine\bin\debug\intermediates\ftstroke.obj
e:\softwares\visualstudio projects\xenoengine\bin\debug\intermediates\ftsynth.obj
e:\softwares\visualstudio projects\xenoengine\bin\debug\intermediates\ftsystem.obj
e:\softwares\visualstudio projects\xenoengine\bin\debug\intermediates\fttype1.obj
e:\softwares\visualstudio projects\xenoengine\bin\debug\intermediates\ftwinfnt.obj
e:\softwares\visualstudio projects\xenoengine\bin\debug\intermediates\indexbuffer.obj
e:\softwares\visualstudio projects\xenoengine\bin\debug\intermediates\label.obj
e:\softwares\visualstudio projects\xenoengine\bin\debug\intermediates\mat4.obj
e:\softwares\visualstudio projects\xenoengine\bin\debug\intermediates\pcf.obj
e:\softwares\visualstudio projects\xenoengine\bin\debug\intermediates\pfr.obj
e:\softwares\visualstudio projects\xenoengine\bin\debug\intermediates\platform.obj
e:\softwares\visualstudio projects\xenoengine\bin\debug\intermediates\psaux.obj
e:\softwares\visualstudio projects\xenoengine\bin\debug\intermediates\pshinter.obj
e:\softwares\visualstudio projects\xenoengine\bin\debug\intermediates\psmodule.obj
e:\softwares\visualstudio projects\xenoengine\bin\debug\intermediates\raster.obj
e:\softwares\visualstudio projects\xenoengine\bin\debug\intermediates\sfnt.obj
e:\softwares\visualstudio projects\xenoengine\bin\debug\intermediates\shader.obj
e:\softwares\visualstudio projects\xenoengine\bin\debug\intermediates\smooth.obj
e:\softwares\visualstudio projects\xenoengine\bin\debug\intermediates\texture-atlas.obj
e:\softwares\visualstudio projects\xenoengine\bin\debug\intermediates\texture-font.obj
e:\softwares\visualstudio projects\xenoengine\bin\debug\intermediates\texture.obj
e:\softwares\visualstudio projects\xenoengine\bin\debug\intermediates\truetype.obj
e:\softwares\visualstudio projects\xenoengine\bin\debug\intermediates\type1.obj
e:\softwares\visualstudio projects\xenoengine\bin\debug\intermediates\type1cid.obj
e:\softwares\visualstudio projects\xenoengine\bin\debug\intermediates\type42.obj
e:\softwares\visualstudio projects\xenoengine\bin\debug\intermediates\utf8-utils.obj
e:\softwares\visualstudio projects\xenoengine\bin\debug\intermediates\vec2.obj
e:\softwares\visualstudio projects\xenoengine\bin\debug\intermediates\vec3.obj
e:\softwares\visualstudio projects\xenoengine\bin\debug\intermediates\vec4.obj
e:\softwares\visualstudio projects\xenoengine\bin\debug\intermediates\vector.obj
e:\softwares\visualstudio projects\xenoengine\bin\debug\intermediates\vertexarray.obj
e:\softwares\visualstudio projects\xenoengine\bin\debug\intermediates\vertexbuffer.obj
e:\softwares\visualstudio projects\xenoengine\bin\debug\intermediates\window.obj
e:\softwares\visualstudio projects\xenoengine\bin\debug\intermediates\winfnt.obj
e:\softwares\visualstudio projects\xenoengine\bin\debug\intermediates\xeno.idb
e:\softwares\visualstudio projects\xenoengine\bin\debug\intermediates\xeno.pdb
e:\softwares\visualstudio projects\xenoengine\bin\debug\flappy.pdb
e:\softwares\visualstudio projects\xenoengine\bin\debug\intermediates\flappy.tlog\cl.command.1.tlog
e:\softwares\visualstudio projects\xenoengine\bin\debug\intermediates\flappy.tlog\cl.read.1.tlog
e:\softwares\visualstudio projects\xenoengine\bin\debug\intermediates\flappy.tlog\cl.write.1.tlog
e:\softwares\visualstudio projects\xenoengine\bin\debug\intermediates\flappy.tlog\flappy.write.1u.tlog
e:\softwares\visualstudio projects\xenoengine\bin\debug\intermediates\flappy.tlog\link-cvtres.read.1.tlog
e:\softwares\visualstudio projects\xenoengine\bin\debug\intermediates\flappy.tlog\link-cvtres.write.1.tlog
e:\softwares\visualstudio projects\xenoengine\bin\debug\intermediates\flappy.tlog\link-rc.read.1.tlog
e:\softwares\visualstudio projects\xenoengine\bin\debug\intermediates\flappy.tlog\link-rc.write.1.tlog
e:\softwares\visualstudio projects\xenoengine\bin\debug\intermediates\flappy.tlog\link.16352-cvtres.read.1.tlog
e:\softwares\visualstudio projects\xenoengine\bin\debug\intermediates\flappy.tlog\link.16352-cvtres.write.1.tlog
e:\softwares\visualstudio projects\xenoengine\bin\debug\intermediates\flappy.tlog\link.16352-rc.read.1.tlog
e:\softwares\visualstudio projects\xenoengine\bin\debug\intermediates\flappy.tlog\link.16352-rc.write.1.tlog
e:\softwares\visualstudio projects\xenoengine\bin\debug\intermediates\flappy.tlog\link.16352.read.1.tlog
e:\softwares\visualstudio projects\xenoengine\bin\debug\intermediates\flappy.tlog\link.16352.write.1.tlog
e:\softwares\visualstudio projects\xenoengine\bin\debug\intermediates\flappy.tlog\link.command.1.tlog
e:\softwares\visualstudio projects\xenoengine\bin\debug\intermediates\flappy.tlog\link.read.1.tlog
e:\softwares\visualstudio projects\xenoengine\bin\debug\intermediates\flappy.tlog\link.write.1.tlog
