d:\visual studio projects\xenoengine\box2d\debug\vc140.pdb
d:\visual studio projects\xenoengine\box2d\debug\vc140.idb
d:\visual studio projects\xenoengine\box2d\debug\b2circlecontact.obj
d:\visual studio projects\xenoengine\box2d\debug\b2contact.obj
d:\visual studio projects\xenoengine\box2d\debug\b2contactsolver.obj
d:\visual studio projects\xenoengine\box2d\debug\b2edgeandcirclecontact.obj
d:\visual studio projects\xenoengine\box2d\debug\b2edgeandpolygoncontact.obj
d:\visual studio projects\xenoengine\box2d\debug\b2polygonandcirclecontact.obj
d:\visual studio projects\xenoengine\box2d\debug\b2polygoncontact.obj
d:\visual studio projects\xenoengine\box2d\debug\b2distancejoint.obj
d:\visual studio projects\xenoengine\box2d\debug\b2frictionjoint.obj
d:\visual studio projects\xenoengine\box2d\debug\b2motorjoint.obj
d:\visual studio projects\xenoengine\box2d\debug\b2weldjoint.obj
d:\visual studio projects\xenoengine\box2d\debug\b2wheeljoint.obj
d:\visual studio projects\xenoengine\box2d\debug\b2rope.obj
d:\visual studio projects\xenoengine\box2d\debug\b2dynamictree.obj
d:\visual studio projects\xenoengine\box2d\debug\b2timeofimpact.obj
d:\visual studio projects\xenoengine\box2d\debug\b2chainshape.obj
d:\visual studio projects\xenoengine\box2d\debug\b2circleshape.obj
d:\visual studio projects\xenoengine\box2d\debug\b2edgeshape.obj
d:\visual studio projects\xenoengine\box2d\debug\b2polygonshape.obj
d:\visual studio projects\xenoengine\box2d\debug\b2blockallocator.obj
d:\visual studio projects\xenoengine\box2d\debug\b2draw.obj
d:\visual studio projects\xenoengine\box2d\debug\b2math.obj
d:\visual studio projects\xenoengine\box2d\debug\b2settings.obj
d:\visual studio projects\xenoengine\box2d\debug\b2stackallocator.obj
d:\visual studio projects\xenoengine\box2d\debug\b2timer.obj
d:\visual studio projects\xenoengine\box2d\debug\b2body.obj
d:\visual studio projects\xenoengine\box2d\debug\b2contactmanager.obj
d:\visual studio projects\xenoengine\box2d\debug\b2fixture.obj
d:\visual studio projects\xenoengine\box2d\debug\b2island.obj
d:\visual studio projects\xenoengine\box2d\debug\b2world.obj
d:\visual studio projects\xenoengine\box2d\debug\b2worldcallbacks.obj
d:\visual studio projects\xenoengine\box2d\debug\b2chainandcirclecontact.obj
d:\visual studio projects\xenoengine\box2d\debug\b2chainandpolygoncontact.obj
d:\visual studio projects\xenoengine\box2d\debug\b2broadphase.obj
d:\visual studio projects\xenoengine\box2d\debug\b2collidecircle.obj
d:\visual studio projects\xenoengine\box2d\debug\b2collideedge.obj
d:\visual studio projects\xenoengine\box2d\debug\b2collidepolygon.obj
d:\visual studio projects\xenoengine\box2d\debug\b2collision.obj
d:\visual studio projects\xenoengine\box2d\debug\b2distance.obj
d:\visual studio projects\xenoengine\box2d\debug\b2gearjoint.obj
d:\visual studio projects\xenoengine\box2d\debug\b2joint.obj
d:\visual studio projects\xenoengine\box2d\debug\b2mousejoint.obj
d:\visual studio projects\xenoengine\box2d\debug\b2prismaticjoint.obj
d:\visual studio projects\xenoengine\box2d\debug\b2pulleyjoint.obj
d:\visual studio projects\xenoengine\box2d\debug\b2revolutejoint.obj
d:\visual studio projects\xenoengine\box2d\debug\b2ropejoint.obj
d:\visual studio projects\xenoengine\box2d\debug\box2d.tlog\cl.command.1.tlog
d:\visual studio projects\xenoengine\box2d\debug\box2d.tlog\cl.read.1.tlog
d:\visual studio projects\xenoengine\box2d\debug\box2d.tlog\cl.write.1.tlog
d:\visual studio projects\xenoengine\box2d\debug\box2d.tlog\link.command.1.tlog
d:\visual studio projects\xenoengine\box2d\debug\box2d.tlog\link.read.1.tlog
d:\visual studio projects\xenoengine\box2d\debug\box2d.tlog\link.write.1.tlog
